<?xml version="1.0" encoding="UTF-8"?>
<!-- Generated by org.testng.reporters.JUnitReportReporter -->
<testsuite skipped="0" hostname="cd-PC" name="com.cd.test.service.TestCaseService" tests="1" failures="0" timestamp="13 Dec 2016 04:14:23 GMT" time="0.152" errors="0">
  <testcase name="testFindCaseList" time="0.152" classname="com.cd.test.service.TestCaseService"/>
</testsuite> <!-- com.cd.test.service.TestCaseService -->
