<?xml version="1.0" encoding="UTF-8"?>
<!-- Generated by org.testng.reporters.JUnitReportReporter -->
<testsuite skipped="0" hostname="cd-PC" name="com.cd.test.testUser" tests="1" failures="0" timestamp="9 Dec 2016 07:27:50 GMT" time="0.108" errors="0">
  <testcase name="testFindUserById" time="0.108" classname="com.cd.test.testUser"/>
</testsuite> <!-- com.cd.test.testUser -->
