<?xml version="1.0" encoding="UTF-8"?>
<!-- Generated by org.testng.reporters.JUnitReportReporter -->
<testsuite skipped="0" hostname="cd-PC" name="com.cd.test.service.TestUserService" tests="1" failures="0" timestamp="28 Dec 2016 06:42:59 GMT" time="0.115" errors="0">
  <testcase name="testFindUserById" time="0.115" classname="com.cd.test.service.TestUserService"/>
</testsuite> <!-- com.cd.test.service.TestUserService -->
